<?xml version="1.0" encoding="UTF-8"?>
<testsuite xmlns:xsi="http://www.w3.org/2001/XMLSchema-instance" xsi:schemaLocation="https://maven.apache.org/surefire/maven-surefire-plugin/xsd/surefire-test-report.xsd" name="se.nackademin.FortuneTellerGuiIT" time="41.325" tests="7" errors="1" skipped="0" failures="0">
  <properties>
[...]
</properties>
  <testcase name="testInvalidName" classname="se.nackademin.FortuneTellerGuiIT" time="4.353"/>
  <testcase name="testCalculateButtonIsClicked" classname="se.nackademin.FortuneTellerGuiIT" time="5.622"/>
  <testcase name="testInvalidHeight" classname="se.nackademin.FortuneTellerGuiIT" time="5.4"/>
  <testcase name="testInvalidIncome" classname="se.nackademin.FortuneTellerGuiIT" time="5.577"/>
  <testcase name="testInvalidLocation" classname="se.nackademin.FortuneTellerGuiIT" time="4.651"/>
  <testcase name="testInvalidAge" classname="se.nackademin.FortuneTellerGuiIT" time="10.181">
    <error message="test timed out after 10000 milliseconds" type="org.junit.runners.model.TestTimedOutException">org.junit.runners.model.TestTimedOutException: test timed out after 10000 milliseconds
	at se.nackademin.FortuneTellerGuiIT.testInvalidAge(FortuneTellerGuiIT.java:104)
</error>
    <system-err><![CDATA[java.lang.InterruptedException
	at java.util.concurrent.FutureTask.awaitDone(FutureTask.java:404)
	at java.util.concurrent.FutureTask.get(FutureTask.java:204)
	at org.assertj.swing.timing.Pause.performPause(Pause.java:97)
	at org.assertj.swing.timing.Pause.pause(Pause.java:88)
	at org.assertj.swing.timing.Pause.pause(Pause.java:65)
	at org.assertj.swing.fixture.AbstractContainerFixture.optionPane(AbstractContainerFixture.java:341)
	at org.assertj.swing.fixture.AbstractContainerFixture.optionPane(AbstractContainerFixture.java:332)
	at se.nackademin.FortuneTellerGuiIT.testInvalidAge(FortuneTellerGuiIT.java:104)
	at sun.reflect.NativeMethodAccessorImpl.invoke0(Native Method)
	at sun.reflect.NativeMethodAccessorImpl.invoke(NativeMethodAccessorImpl.java:62)
	at sun.reflect.DelegatingMethodAccessorImpl.invoke(DelegatingMethodAccessorImpl.java:43)
	at java.lang.reflect.Method.invoke(Method.java:498)
	at org.junit.runners.model.FrameworkMethod$1.runReflectiveCall(FrameworkMethod.java:50)
	at org.junit.internal.runners.model.ReflectiveCallable.run(ReflectiveCallable.java:12)
	at org.junit.runners.model.FrameworkMethod.invokeExplosively(FrameworkMethod.java:47)
	at org.junit.internal.runners.statements.InvokeMethod.evaluate(InvokeMethod.java:17)
	at org.junit.internal.runners.statements.FailOnTimeout$CallableStatement.call(FailOnTimeout.java:298)
	at org.junit.internal.runners.statements.FailOnTimeout$CallableStatement.call(FailOnTimeout.java:292)
	at java.util.concurrent.FutureTask.run(FutureTask.java:266)
	at java.lang.Thread.run(Thread.java:745)
]]></system-err>
  </testcase>
  <testcase name="testGetFortuneUsingGui" classname="se.nackademin.FortuneTellerGuiIT" time="5.522"/>
</testsuite>